# JRE version: OpenJDK Runtime Environment (7.0_40-b31) (build 1.7.0_40-b31)
# Java VM: OpenJDK Server VM (24.0-b50 mixed mode linux-x86 )
Heap
 PSYoungGen      total 172032K, used 2496K [0xa3740000, 0xb3340000, 0xb3340000)
  eden space 86016K, 0% used [0xa3740000,0xa3740000,0xa8b40000)
  from space 86016K, 2% used [0xa8b40000,0xa8db00c8,0xadf40000)
  to   space 86016K, 0% used [0xadf40000,0xadf40000,0xb3340000)
 ParOldGen       total 372480K, used 372367K [0x83f40000, 0x9ab00000, 0xa3740000)
  object space 372480K, 99% used [0x83f40000,0x9aae3fb0,0x9ab00000)
 PSPermGen       total 16384K, used 2556K [0x7bf40000, 0x7cf40000, 0x83f40000)
  object space 16384K, 15% used [0x7bf40000,0x7c1bf3e8,0x7cf40000)
GC Heap History (10 events):
Event: 55.018 GC heap after
Heap after GC invocations=18 (full 4):
 PSYoungGen      total 166400K, used 34480K [0xa3740000, 0xb2dc0000, 0xb3340000)
  eden space 86016K, 0% used [0xa3740000,0xa3740000,0xa8b40000)
  from space 80384K, 42% used [0xadf40000,0xb00ec000,0xb2dc0000)
  to   space 83200K, 0% used [0xa8b40000,0xa8b40000,0xadc80000)
 ParOldGen       total 266240K, used 266236K [0x83f40000, 0x94340000, 0xa3740000)
  object space 266240K, 99% used [0x83f40000,0x9433f0e8,0x94340000)
 PSPermGen       total 16384K, used 2556K [0x7bf40000, 0x7cf40000, 0x83f40000)
  object space 16384K, 15% used [0x7bf40000,0x7c1bf3e8,0x7cf40000)
}
Event: 55.433 GC heap before
{Heap before GC invocations=19 (full 5):
 PSYoungGen      total 166400K, used 34480K [0xa3740000, 0xb2dc0000, 0xb3340000)
  eden space 86016K, 0% used [0xa3740000,0xa3740000,0xa8b40000)
  from space 80384K, 42% used [0xadf40000,0xb00ec000,0xb2dc0000)
  to   space 83200K, 0% used [0xa8b40000,0xa8b40000,0xadc80000)
 ParOldGen       total 266240K, used 266236K [0x83f40000, 0x94340000, 0xa3740000)
  object space 266240K, 99% used [0x83f40000,0x9433f0e8,0x94340000)
 PSPermGen       total 16384K, used 2556K [0x7bf40000, 0x7cf40000, 0x83f40000)
  object space 16384K, 15% used [0x7bf40000,0x7c1bf3e8,0x7cf40000)
Event: 57.315 GC heap after
Heap after GC invocations=19 (full 5):
 PSYoungGen      total 166400K, used 18046K [0xa3740000, 0xb2dc0000, 0xb3340000)
  eden space 86016K, 0% used [0xa3740000,0xa3740000,0xa8b40000)
  from space 80384K, 22% used [0xadf40000,0xaf0dfb08,0xb2dc0000)
  to   space 83200K, 0% used [0xa8b40000,0xa8b40000,0xadc80000)
 ParOldGen       total 372480K, used 266192K [0x83f40000, 0x9ab00000, 0xa3740000)
  object space 372480K, 71% used [0x83f40000,0x94334248,0x9ab00000)
 PSPermGen       total 16384K, used 2556K [0x7bf40000, 0x7cf40000, 0x83f40000)
  object space 16384K, 15% used [0x7bf40000,0x7c1bf3e8,0x7cf40000)
}
Event: 57.549 GC heap before
{Heap before GC invocations=20 (full 5):
 PSYoungGen      total 166400K, used 104062K [0xa3740000, 0xb2dc0000, 0xb3340000)
  eden space 86016K, 100% used [0xa3740000,0xa8b40000,0xa8b40000)
  from space 80384K, 22% used [0xadf40000,0xaf0dfb08,0xb2dc0000)
  to   space 83200K, 0% used [0xa8b40000,0xa8b40000,0xadc80000)
 ParOldGen       total 372480K, used 266192K [0x83f40000, 0x9ab00000, 0xa3740000)
  object space 372480K, 71% used [0x83f40000,0x94334248,0x9ab00000)
 PSPermGen       total 16384K, used 2556K [0x7bf40000, 0x7cf40000, 0x83f40000)
  object space 16384K, 15% used [0x7bf40000,0x7c1bf3e8,0x7cf40000)
Event: 57.893 GC heap after
Heap after GC invocations=20 (full 5):
 PSYoungGen      total 169216K, used 52544K [0xa3740000, 0xb3340000, 0xb3340000)
  eden space 86016K, 0% used [0xa3740000,0xa3740000,0xa8b40000)
  from space 83200K, 63% used [0xa8b40000,0xabe90000,0xadc80000)
  to   space 85504K, 0% used [0xadfc0000,0xadfc0000,0xb3340000)
 ParOldGen       total 372480K, used 266192K [0x83f40000, 0x9ab00000, 0xa3740000)
  object space 372480K, 71% used [0x83f40000,0x94334248,0x9ab00000)
 PSPermGen       total 16384K, used 2556K [0x7bf40000, 0x7cf40000, 0x83f40000)
  object space 16384K, 15% used [0x7bf40000,0x7c1bf3e8,0x7cf40000)
}
Event: 58.027 GC heap before
{Heap before GC invocations=21 (full 5):
 PSYoungGen      total 169216K, used 114398K [0xa3740000, 0xb3340000, 0xb3340000)
  eden space 86016K, 71% used [0xa3740000,0xa73a79d8,0xa8b40000)
  from space 83200K, 63% used [0xa8b40000,0xabe90000,0xadc80000)
  to   space 85504K, 0% used [0xadfc0000,0xadfc0000,0xb3340000)
 ParOldGen       total 372480K, used 266192K [0x83f40000, 0x9ab00000, 0xa3740000)
  object space 372480K, 71% used [0x83f40000,0x94334248,0x9ab00000)
 PSPermGen       total 16384K, used 2556K [0x7bf40000, 0x7cf40000, 0x83f40000)
  object space 16384K, 15% used [0x7bf40000,0x7c1bf3e8,0x7cf40000)
Event: 58.388 GC heap after
Heap after GC invocations=21 (full 5):
 PSYoungGen      total 171520K, used 76816K [0xa3740000, 0xb3340000, 0xb3340000)
  eden space 86016K, 0% used [0xa3740000,0xa3740000,0xa8b40000)
  from space 85504K, 89% used [0xadfc0000,0xb2ac4000,0xb3340000)
  to   space 86016K, 0% used [0xa8b40000,0xa8b40000,0xadf40000)
 ParOldGen       total 372480K, used 266192K [0x83f40000, 0x9ab00000, 0xa3740000)
  object space 372480K, 71% used [0x83f40000,0x94334248,0x9ab00000)
 PSPermGen       total 16384K, used 2556K [0x7bf40000, 0x7cf40000, 0x83f40000)
  object space 16384K, 15% used [0x7bf40000,0x7c1bf3e8,0x7cf40000)
}
Event: 58.513 GC heap before
{Heap before GC invocations=22 (full 5):
 PSYoungGen      total 171520K, used 162832K [0xa3740000, 0xb3340000, 0xb3340000)
  eden space 86016K, 100% used [0xa3740000,0xa8b40000,0xa8b40000)
  from space 85504K, 89% used [0xadfc0000,0xb2ac4000,0xb3340000)
  to   space 86016K, 0% used [0xa8b40000,0xa8b40000,0xadf40000)
 ParOldGen       total 372480K, used 266192K [0x83f40000, 0x9ab00000, 0xa3740000)
  object space 372480K, 71% used [0x83f40000,0x94334248,0x9ab00000)
 PSPermGen       total 16384K, used 2556K [0x7bf40000, 0x7cf40000, 0x83f40000)
  object space 16384K, 15% used [0x7bf40000,0x7c1bf3e8,0x7cf40000)
Event: 59.657 GC heap after
Heap after GC invocations=22 (full 5):
 PSYoungGen      total 172032K, used 80359K [0xa3740000, 0xb3340000, 0xb3340000)
  eden space 86016K, 0% used [0xa3740000,0xa3740000,0xa8b40000)
  from space 86016K, 93% used [0xa8b40000,0xad9b9c60,0xadf40000)
  to   space 86016K, 0% used [0xadf40000,0xadf40000,0xb3340000)
 ParOldGen       total 372480K, used 318976K [0x83f40000, 0x9ab00000, 0xa3740000)
  object space 372480K, 85% used [0x83f40000,0x976c0248,0x9ab00000)
 PSPermGen       total 16384K, used 2556K [0x7bf40000, 0x7cf40000, 0x83f40000)
  object space 16384K, 15% used [0x7bf40000,0x7c1bf3e8,0x7cf40000)
}
Event: 59.657 GC heap before
{Heap before GC invocations=23 (full 6):
 PSYoungGen      total 172032K, used 80359K [0xa3740000, 0xb3340000, 0xb3340000)
  eden space 86016K, 0% used [0xa3740000,0xa3740000,0xa8b40000)
  from space 86016K, 93% used [0xa8b40000,0xad9b9c60,0xadf40000)
  to   space 86016K, 0% used [0xadf40000,0xadf40000,0xb3340000)
 ParOldGen       total 372480K, used 318976K [0x83f40000, 0x9ab00000, 0xa3740000)
  object space 372480K, 85% used [0x83f40000,0x976c0248,0x9ab00000)
 PSPermGen       total 16384K, used 2556K [0x7bf40000, 0x7cf40000, 0x83f40000)
  object space 16384K, 15% used [0x7bf40000,0x7c1bf3e8,0x7cf40000)

